#
# There is insufficient memory for the Java Runtime Environment to continue.
# Native memory allocation (mmap) failed to map 35651584 bytes for Failed to commit area from 0x000000008a800000 to 0x000000008ca00000 of length 35651584.
# Possible reasons:
#   The system is out of physical RAM or swap space
#   The process is running with CompressedOops enabled, and the Java Heap may be blocking the growth of the native heap
# Possible solutions:
#   Reduce memory load on the system
#   Increase physical memory or swap space
#   Check if swap backing store is full
#   Decrease Java heap size (-Xmx/-Xms)
#   Decrease number of Java threads
#   Decrease Java thread stack sizes (-Xss)
#   Set larger code cache with -XX:ReservedCodeCacheSize=
#   JVM is running with Unscaled Compressed Oops mode in which the Java heap is
#     placed in the first 4GB address space. The Java Heap base address is the
#     maximum limit for the native heap growth. Please use -XX:HeapBaseMinAddress
#     to set the Java Heap base and to place the Java Heap above 4GB virtual address.
# This output file may be truncated or incomplete.
#
#  Out of Memory Error (./src/hotspot/os/windows/os_windows.cpp:3301), pid=14876, tid=21164
#
# JRE version: OpenJDK Runtime Environment (11.0.10) (build 11.0.10+0-b96-7249189)
# Java VM: OpenJDK 64-Bit Server VM (11.0.10+0-b96-7249189, mixed mode, tiered, compressed oops, g1 gc, windows-amd64)
# No core dump will be written. Minidumps are not enabled by default on client versions of Windows
#

---------------  S U M M A R Y ------------

Command Line: --add-opens=java.base/java.util=ALL-UNNAMED --add-opens=java.base/java.lang=ALL-UNNAMED --add-opens=java.base/java.lang.invoke=ALL-UNNAMED --add-opens=java.base/java.util=ALL-UNNAMED --add-opens=java.prefs/java.util.prefs=ALL-UNNAMED --add-opens=java.prefs/java.util.prefs=ALL-UNNAMED --add-opens=java.base/java.nio.charset=ALL-UNNAMED --add-opens=java.base/java.net=ALL-UNNAMED --add-opens=java.base/java.util.concurrent.atomic=ALL-UNNAMED -Xmx2048m -Dfile.encoding=UTF-8 -Duser.country=IN -Duser.language=en -Duser.variant org.gradle.launcher.daemon.bootstrap.GradleDaemon 7.0.2

Host: AMD Ryzen 7 3750H with Radeon Vega Mobile Gfx  , 8 cores, 5G,  Windows 10 , 64 bit Build 22000 (10.0.22000.613)
Time: Mon Apr 18 08:07:29 2022 India Standard Time elapsed time: 356.315672 seconds (0d 0h 5m 56s)

---------------  T H R E A D  ---------------

Current thread (0x000002157eeb2800):  VMThread "VM Thread" [stack: 0x000000eaed300000,0x000000eaed400000] [id=21164]

Stack: [0x000000eaed300000,0x000000eaed400000]
[error occurred during error reporting (printing stack bounds), id 0xc0000005, EXCEPTION_ACCESS_VIOLATION (0xc0000005) at pc=0x000002156a560f2d]

Native frames: (J=compiled Java code, j=interpreted, Vv=VM code, C=native code)
V  [jvm.dll+0x5ecfaa]
V  [jvm.dll+0x722bd5]
V  [jvm.dll+0x72412d]
V  [jvm.dll+0x724745]
V  [jvm.dll+0x7246fb]
V  [jvm.dll+0x5ec348]
V  [jvm.dll+0x5ecad8]
C  [ntdll.dll+0xa86ef]
C  [ntdll.dll+0x35aea]
C  [ntdll.dll+0xa76fe]
C  0x000002156a560f2d

VM_Operation (0x000000eaf07fa4e0): G1CollectForAllocation, mode: safepoint, requested by thread 0x0000021506039000


---------------  P R O C E S S  ---------------

Threads class SMR info:
_java_thread_list=0x0000021506e11d90, length=61, elements={
0x0000021566a6f000, 0x000002157eeb4800, 0x000002157eec1800, 0x000002157f852800,
0x000002157eed5000, 0x000002157eed6000, 0x000002157eed7800, 0x000002157eedc000,
0x000002157eeeb800, 0x000002157f9a1800, 0x0000021502b88000, 0x0000021503c17800,
0x00000215022bd800, 0x0000021503155000, 0x0000021502edc800, 0x00000215028f9800,
0x00000215028fa800, 0x0000021502054000, 0x0000021503437000, 0x0000021503433000,
0x0000021503435800, 0x0000021503439800, 0x0000021503438000, 0x0000021503433800,
0x0000021503434800, 0x0000021503438800, 0x0000021503436000, 0x000002150602b000,
0x0000021506031800, 0x000002150602c000, 0x0000021506032800, 0x0000021506033800,
0x0000021506034000, 0x0000021506035000, 0x000002150602f000, 0x0000021506036000,
0x0000021506030000, 0x0000021506036800, 0x0000021506031000, 0x000002150603a000,
0x0000021506039000, 0x0000021506037800, 0x0000021506038000, 0x0000021507333000,
0x0000021507332000, 0x0000021507334000, 0x0000021507331800, 0x0000021507334800,
0x0000021507335800, 0x0000021507336800, 0x000002150733c000, 0x0000021507339800,
0x000002150733d000, 0x0000021507337000, 0x000002150733d800, 0x0000021507338000,
0x000002150733e800, 0x0000021507339000, 0x000002150733f800, 0x000002150733a800,
0x000002150733b000
}

Java Threads: ( => current thread )
  0x0000021566a6f000 JavaThread "main" [_thread_blocked, id=22780, stack(0x000000eaecd00000,0x000000eaece00000)]
  0x000002157eeb4800 JavaThread "Reference Handler" daemon [_thread_blocked, id=16636, stack(0x000000eaed400000,0x000000eaed500000)]
  0x000002157eec1800 JavaThread "Finalizer" daemon [_thread_blocked, id=19316, stack(0x000000eaed500000,0x000000eaed600000)]
  0x000002157f852800 JavaThread "Signal Dispatcher" daemon [_thread_blocked, id=9844, stack(0x000000eaed600000,0x000000eaed700000)]
  0x000002157eed5000 JavaThread "Attach Listener" daemon [_thread_blocked, id=13496, stack(0x000000eaed700000,0x000000eaed800000)]
  0x000002157eed6000 JavaThread "Service Thread" daemon [_thread_blocked, id=20988, stack(0x000000eaed800000,0x000000eaed900000)]
  0x000002157eed7800 JavaThread "C2 CompilerThread0" daemon [_thread_blocked, id=12264, stack(0x000000eaed900000,0x000000eaeda00000)]
  0x000002157eedc000 JavaThread "C1 CompilerThread0" daemon [_thread_blocked, id=3124, stack(0x000000eaeda00000,0x000000eaedb00000)]
  0x000002157eeeb800 JavaThread "Sweeper thread" daemon [_thread_blocked, id=19388, stack(0x000000eaedb00000,0x000000eaedc00000)]
  0x000002157f9a1800 JavaThread "Common-Cleaner" daemon [_thread_blocked, id=5788, stack(0x000000eaedc00000,0x000000eaedd00000)]
  0x0000021502b88000 JavaThread "Daemon health stats" [_thread_blocked, id=1772, stack(0x000000eaedf00000,0x000000eaee000000)]
  0x0000021503c17800 JavaThread "Incoming local TCP Connector on port 54118" [_thread_in_native, id=20336, stack(0x000000eaee300000,0x000000eaee400000)]
  0x00000215022bd800 JavaThread "Daemon periodic checks" [_thread_blocked, id=12624, stack(0x000000eaee400000,0x000000eaee500000)]
  0x0000021503155000 JavaThread "Daemon" [_thread_blocked, id=2156, stack(0x000000eaee500000,0x000000eaee600000)]
  0x0000021502edc800 JavaThread "Handler for socket connection from /127.0.0.1:54118 to /127.0.0.1:54119" [_thread_in_native, id=18856, stack(0x000000eaee600000,0x000000eaee700000)]
  0x00000215028f9800 JavaThread "Cancel handler" [_thread_blocked, id=19012, stack(0x000000eaee700000,0x000000eaee800000)]
  0x00000215028fa800 JavaThread "Daemon worker" [_thread_blocked, id=22932, stack(0x000000eaee800000,0x000000eaee900000)]
  0x0000021502054000 JavaThread "Asynchronous log dispatcher for DefaultDaemonConnection: socket connection from /127.0.0.1:54118 to /127.0.0.1:54119" [_thread_blocked, id=14160, stack(0x000000eaee900000,0x000000eaeea00000)]
  0x0000021503437000 JavaThread "Daemon client event forwarder" [_thread_blocked, id=21484, stack(0x000000eaeeb00000,0x000000eaeec00000)]
  0x0000021503433000 JavaThread "Cache worker for file hash cache (C:\Users\akash\.gradle\caches\7.0.2\fileHashes)" [_thread_blocked, id=10480, stack(0x000000eaeec00000,0x000000eaeed00000)]
  0x0000021503435800 JavaThread "File lock request listener" [_thread_in_native, id=9508, stack(0x000000eaeed00000,0x000000eaeee00000)]
  0x0000021503439800 JavaThread "Cache worker for journal cache (C:\Users\akash\.gradle\caches\journal-1)" [_thread_blocked, id=20720, stack(0x000000eaef300000,0x000000eaef400000)]
  0x0000021503438000 JavaThread "Cache worker for file hash cache (C:\Users\akash\AndroidStudioProjects\.gradle\7.0.2\fileHashes)" [_thread_blocked, id=7836, stack(0x000000eaef500000,0x000000eaef600000)]
  0x0000021503433800 JavaThread "File watcher server" daemon [_thread_blocked, id=14040, stack(0x000000eaef600000,0x000000eaef700000)]
  0x0000021503434800 JavaThread "File watcher consumer" daemon [_thread_blocked, id=21612, stack(0x000000eaef700000,0x000000eaef800000)]
  0x0000021503438800 JavaThread "Cache worker for checksums cache (C:\Users\akash\AndroidStudioProjects\.gradle\checksums)" [_thread_blocked, id=16500, stack(0x000000eaef800000,0x000000eaef900000)]
  0x0000021503436000 JavaThread "Cache worker for cache directory md-supplier (C:\Users\akash\.gradle\caches\7.0.2\md-supplier)" [_thread_blocked, id=14184, stack(0x000000eaef900000,0x000000eaefa00000)]
  0x000002150602b000 JavaThread "Cache worker for cache directory md-rule (C:\Users\akash\.gradle\caches\7.0.2\md-rule)" [_thread_blocked, id=16844, stack(0x000000eaefa00000,0x000000eaefb00000)]
  0x0000021506031800 JavaThread "Cache worker for execution history cache (C:\Users\akash\.gradle\caches\7.0.2\executionHistory)" [_thread_blocked, id=21240, stack(0x000000eaefb00000,0x000000eaefc00000)]
  0x000002150602c000 JavaThread "jar transforms" [_thread_blocked, id=19404, stack(0x000000eaefc00000,0x000000eaefd00000)]
  0x0000021506032800 JavaThread "jar transforms Thread 2" [_thread_blocked, id=8540, stack(0x000000eaefd00000,0x000000eaefe00000)]
  0x0000021506033800 JavaThread "Cache worker for file content cache (C:\Users\akash\.gradle\caches\7.0.2\fileContent)" [_thread_blocked, id=20968, stack(0x000000eaefe00000,0x000000eaeff00000)]
  0x0000021506034000 JavaThread "Cache worker for dependencies-accessors (C:\Users\akash\AndroidStudioProjects\.gradle\7.0.2\dependencies-accessors)" [_thread_blocked, id=1700, stack(0x000000eaeff00000,0x000000eaf0000000)]
  0x0000021506035000 JavaThread "jar transforms Thread 3" [_thread_blocked, id=22424, stack(0x000000eaf0000000,0x000000eaf0100000)]
  0x000002150602f000 JavaThread "Cache worker for Build Output Cleanup Cache (C:\Users\akash\AndroidStudioProjects\.gradle\buildOutputCleanup)" [_thread_blocked, id=6704, stack(0x000000eaf0100000,0x000000eaf0200000)]
  0x0000021506036000 JavaThread "Build operations" [_thread_blocked, id=14152, stack(0x000000eaf0200000,0x000000eaf0300000)]
  0x0000021506030000 JavaThread "Build operations Thread 2" [_thread_blocked, id=4184, stack(0x000000eaf0300000,0x000000eaf0400000)]
  0x0000021506036800 JavaThread "Build operations Thread 3" [_thread_blocked, id=17688, stack(0x000000eaf0400000,0x000000eaf0500000)]
  0x0000021506031000 JavaThread "Build operations Thread 4" [_thread_blocked, id=18408, stack(0x000000eaf0500000,0x000000eaf0600000)]
  0x000002150603a000 JavaThread "Build operations Thread 5" [_thread_blocked, id=6436, stack(0x000000eaf0600000,0x000000eaf0700000)]
  0x0000021506039000 JavaThread "Build operations Thread 6" [_thread_blocked, id=14600, stack(0x000000eaf0700000,0x000000eaf0800000)]
  0x0000021506037800 JavaThread "Build operations Thread 7" [_thread_blocked, id=3984, stack(0x000000eaf0800000,0x000000eaf0900000)]
  0x0000021506038000 JavaThread "Build operations Thread 8" [_thread_blocked, id=3692, stack(0x000000eaf0900000,0x000000eaf0a00000)]
  0x0000021507333000 JavaThread "jar transforms Thread 4" [_thread_blocked, id=23092, stack(0x000000eaf0a00000,0x000000eaf0b00000)]
  0x0000021507332000 JavaThread "jar transforms Thread 5" [_thread_blocked, id=22356, stack(0x000000eaf0b00000,0x000000eaf0c00000)]
  0x0000021507334000 JavaThread "jar transforms Thread 6" [_thread_blocked, id=20020, stack(0x000000eaf0c00000,0x000000eaf0d00000)]
  0x0000021507331800 JavaThread "jar transforms Thread 7" [_thread_blocked, id=20500, stack(0x000000eaf0d00000,0x000000eaf0e00000)]
  0x0000021507334800 JavaThread "jar transforms Thread 8" [_thread_blocked, id=20068, stack(0x000000eaef400000,0x000000eaef500000)]
  0x0000021507335800 JavaThread "Memory manager" [_thread_blocked, id=20204, stack(0x000000eaf1000000,0x000000eaf1100000)]
  0x0000021507336800 JavaThread "build event listener" [_thread_blocked, id=23256, stack(0x000000eaf1100000,0x000000eaf1200000)]
  0x000002150733c000 JavaThread "build event listener" [_thread_blocked, id=23004, stack(0x000000eaeca00000,0x000000eaecb00000)]
  0x0000021507339800 JavaThread "pool-3-thread-1" [_thread_blocked, id=5260, stack(0x000000eaecb00000,0x000000eaecc00000)]
  0x000002150733d000 JavaThread "build event listener" [_thread_blocked, id=1124, stack(0x000000eaecc00000,0x000000eaecd00000)]
  0x0000021507337000 JavaThread "Execution worker for ':'" [_thread_blocked, id=8908, stack(0x000000eaeea00000,0x000000eaeeb00000)]
  0x000002150733d800 JavaThread "Execution worker for ':' Thread 2" [_thread_blocked, id=10680, stack(0x000000eaf1200000,0x000000eaf1300000)]
  0x0000021507338000 JavaThread "Execution worker for ':' Thread 3" [_thread_blocked, id=2704, stack(0x000000eaf1300000,0x000000eaf1400000)]
  0x000002150733e800 JavaThread "Execution worker for ':' Thread 4" [_thread_blocked, id=11660, stack(0x000000eaf1400000,0x000000eaf1500000)]
  0x0000021507339000 JavaThread "Execution worker for ':' Thread 5" [_thread_blocked, id=20904, stack(0x000000eaf1500000,0x000000eaf1600000)]
  0x000002150733f800 JavaThread "Execution worker for ':' Thread 6" [_thread_blocked, id=19864, stack(0x000000eaf1600000,0x000000eaf1700000)]
  0x000002150733a800 JavaThread "Execution worker for ':' Thread 7" [_thread_blocked, id=15272, stack(0x000000eaf1700000,0x000000eaf1800000)]
  0x000002150733b000 JavaThread "Cache worker for execution history cache (C:\Users\akash\AndroidStudioProjects\.gradle\7.0.2\executionHistory)" [_thread_blocked, id=7956, stack(0x000000eaf1800000,0x000000eaf1900000)]

Other Threads:
=>0x000002157eeb2800 VMThread "VM Thread" [stack: 0x000000eaed300000,0x000000eaed400000] [id=21164]
  0x000002157f9b7000 WatcherThread [stack: 0x000000eaedd00000,0x000000eaede00000] [id=14316]
  0x0000021566a88800 GCTaskThread "GC Thread#0" [stack: 0x000000eaece00000,0x000000eaecf00000] [id=23536]
  0x0000021502b53000 GCTaskThread "GC Thread#1" [stack: 0x000000eaede00000,0x000000eaedf00000] [id=19312]
  0x0000021502fe8800 GCTaskThread "GC Thread#2" [stack: 0x000000eaee000000,0x000000eaee100000] [id=4840]
  0x00000215029c6000 GCTaskThread "GC Thread#3" [stack: 0x000000eaee100000,0x000000eaee200000] [id=21260]
  0x00000215027fc800 GCTaskThread "GC Thread#4" [stack: 0x000000eaeee00000,0x000000eaeef00000] [id=20824]
  0x0000021502c82800 GCTaskThread "GC Thread#5" [stack: 0x000000eaeef00000,0x000000eaef000000] [id=13092]
  0x0000021502e0d800 GCTaskThread "GC Thread#6" [stack: 0x000000eaef000000,0x000000eaef100000] [id=3092]
  0x000002157f8c0000 GCTaskThread "GC Thread#7" [stack: 0x000000eaef100000,0x000000eaef200000] [id=6336]
  0x0000021566ab9800 ConcurrentGCThread "G1 Main Marker" [stack: 0x000000eaecf00000,0x000000eaed000000] [id=18488]
  0x0000021566abb000 ConcurrentGCThread "G1 Conc#0" [stack: 0x000000eaed000000,0x000000eaed100000] [id=8756]
  0x0000021503716800 ConcurrentGCThread "G1 Conc#1" [stack: 0x000000eaef200000,0x000000eaef300000] [id=14680]
  0x0000021566b41000 ConcurrentGCThread "G1 Refine#0" [stack: 0x000000eaed100000,0x000000eaed200000] [id=17300]
  0x0000021502055800 ConcurrentGCThread "G1 Refine#1" [stack: 0x000000eaee200000,0x000000eaee300000] [id=13748]
  0x0000021566b42000 ConcurrentGCThread "G1 Young RemSet Sampling" [stack: 0x000000eaed200000,0x000000eaed300000] [id=14844]

Threads with active compile tasks:
C2 CompilerThread0 356360 14796       4       com.android.tools.r8.graph.a0::F (30 bytes)
C1 CompilerThread0 356360 14800       3       com.android.tools.r8.internal.pe$b::next (38 bytes)

VM state:at safepoint (normal execution)

VM Mutex/Monitor currently owned by a thread:  ([mutex/lock_event])
[0x0000021566a6a970] Threads_lock - owner thread: 0x000002157eeb2800
[0x0000021566a69890] Heap_lock - owner thread: 0x0000021506039000

Heap address: 0x0000000080000000, size: 2048 MB, Compressed Oops mode: 32-bit
Narrow klass base: 0x0000000000000000, Narrow klass shift: 3
Compressed class space size: 1073741824 Address: 0x0000000100000000

Heap:
 garbage-first heap   total 206848K, used 107883K [0x0000000080000000, 0x0000000100000000)
  region size 1024K, 2 young (2048K), 2 survivors (2048K)
 Metaspace       used 105521K, capacity 108390K, committed 108544K, reserved 1142784K
  class space    used 13694K, capacity 14816K, committed 14848K, reserved 1048576K
Heap Regions: E=young(eden), S=young(survivor), O=old, HS=humongous(starts), HC=humongous(continues), CS=collection set, F=free, A=archive, TAMS=top-at-mark-start (previous, next)
|   0|0x0000000080000000, 0x0000000080100000, 0x0000000080100000|100%| O|  |TAMS 0x0000000080100000, 0x0000000080000000| Untracked 
|   1|0x0000000080100000, 0x0000000080200000, 0x0000000080200000|100%| O|  |TAMS 0x0000000080200000, 0x0000000080100000| Untracked 
|   2|0x0000000080200000, 0x0000000080300000, 0x0000000080300000|100%| O|  |TAMS 0x0000000080300000, 0x0000000080200000| Untracked 
|   3|0x0000000080300000, 0x0000000080400000, 0x0000000080400000|100%|HS|  |TAMS 0x0000000080400000, 0x0000000080300000| Complete 
|   4|0x0000000080400000, 0x0000000080500000, 0x0000000080500000|100%|HC|  |TAMS 0x0000000080500000, 0x0000000080400000| Complete 
|   5|0x0000000080500000, 0x0000000080600000, 0x0000000080600000|100%|HC|  |TAMS 0x0000000080600000, 0x0000000080500000| Complete 
|   6|0x0000000080600000, 0x0000000080700000, 0x0000000080700000|100%| O|  |TAMS 0x0000000080700000, 0x0000000080600000| Untracked 
|   7|0x0000000080700000, 0x0000000080800000, 0x0000000080800000|100%| O|  |TAMS 0x0000000080800000, 0x0000000080700000| Untracked 
|   8|0x0000000080800000, 0x0000000080900000, 0x0000000080900000|100%| O|  |TAMS 0x0000000080900000, 0x0000000080800000| Untracked 
|   9|0x0000000080900000, 0x0000000080a00000, 0x0000000080a00000|100%| O|  |TAMS 0x0000000080a00000, 0x0000000080900000| Untracked 
|  10|0x0000000080a00000, 0x0000000080b00000, 0x0000000080b00000|100%| O|  |TAMS 0x0000000080b00000, 0x0000000080a00000| Untracked 
|  11|0x0000000080b00000, 0x0000000080c00000, 0x0000000080c00000|100%| O|  |TAMS 0x0000000080c00000, 0x0000000080b00000| Untracked 
|  12|0x0000000080c00000, 0x0000000080d00000, 0x0000000080d00000|100%| O|  |TAMS 0x0000000080d00000, 0x0000000080c00000| Untracked 
|  13|0x0000000080d00000, 0x0000000080e00000, 0x0000000080e00000|100%| O|  |TAMS 0x0000000080e00000, 0x0000000080d00000| Untracked 
|  14|0x0000000080e00000, 0x0000000080f00000, 0x0000000080f00000|100%| O|  |TAMS 0x0000000080f00000, 0x0000000080e00000| Untracked 
|  15|0x0000000080f00000, 0x0000000081000000, 0x0000000081000000|100%| O|  |TAMS 0x0000000081000000, 0x0000000080f00000| Untracked 
|  16|0x0000000081000000, 0x0000000081100000, 0x0000000081100000|100%| O|  |TAMS 0x0000000081100000, 0x0000000081000000| Untracked 
|  17|0x0000000081100000, 0x0000000081200000, 0x0000000081200000|100%| O|  |TAMS 0x0000000081200000, 0x0000000081100000| Untracked 
|  18|0x0000000081200000, 0x0000000081300000, 0x0000000081300000|100%| O|  |TAMS 0x0000000081300000, 0x0000000081200000| Untracked 
|  19|0x0000000081300000, 0x0000000081400000, 0x0000000081400000|100%| O|  |TAMS 0x0000000081400000, 0x0000000081300000| Untracked 
|  20|0x0000000081400000, 0x0000000081500000, 0x0000000081500000|100%| O|  |TAMS 0x0000000081500000, 0x0000000081400000| Untracked 
|  21|0x0000000081500000, 0x0000000081600000, 0x0000000081600000|100%| O|  |TAMS 0x0000000081600000, 0x0000000081500000| Untracked 
|  22|0x0000000081600000, 0x0000000081700000, 0x0000000081700000|100%| O|  |TAMS 0x0000000081700000, 0x0000000081600000| Untracked 
|  23|0x0000000081700000, 0x0000000081800000, 0x0000000081800000|100%| O|  |TAMS 0x0000000081800000, 0x0000000081700000| Untracked 
|  24|0x0000000081800000, 0x0000000081900000, 0x0000000081900000|100%| O|  |TAMS 0x0000000081900000, 0x0000000081800000| Untracked 
|  25|0x0000000081900000, 0x0000000081a00000, 0x0000000081a00000|100%| O|  |TAMS 0x0000000081a00000, 0x0000000081900000| Untracked 
|  26|0x0000000081a00000, 0x0000000081b00000, 0x0000000081b00000|100%| O|  |TAMS 0x0000000081b00000, 0x0000000081a00000| Untracked 
|  27|0x0000000081b00000, 0x0000000081c00000, 0x0000000081c00000|100%| O|  |TAMS 0x0000000081c00000, 0x0000000081b00000| Untracked 
|  28|0x0000000081c00000, 0x0000000081d00000, 0x0000000081d00000|100%|HS|  |TAMS 0x0000000081d00000, 0x0000000081c00000| Complete 
|  29|0x0000000081d00000, 0x0000000081e00000, 0x0000000081e00000|100%|HS|  |TAMS 0x0000000081e00000, 0x0000000081d00000| Complete 
|  30|0x0000000081e00000, 0x0000000081f00000, 0x0000000081f00000|100%|HS|  |TAMS 0x0000000081f00000, 0x0000000081e00000| Complete 
|  31|0x0000000081f00000, 0x0000000082000000, 0x0000000082000000|100%|HS|  |TAMS 0x0000000082000000, 0x0000000081f00000| Complete 
|  32|0x0000000082000000, 0x0000000082100000, 0x0000000082100000|100%|HC|  |TAMS 0x0000000082100000, 0x0000000082000000| Complete 
|  33|0x0000000082100000, 0x0000000082200000, 0x0000000082200000|100%|HC|  |TAMS 0x0000000082200000, 0x0000000082100000| Complete 
|  34|0x0000000082200000, 0x0000000082300000, 0x0000000082300000|100%|HS|  |TAMS 0x0000000082300000, 0x0000000082200000| Complete 
|  35|0x0000000082300000, 0x0000000082400000, 0x0000000082400000|100%|HC|  |TAMS 0x0000000082400000, 0x0000000082300000| Complete 
|  36|0x0000000082400000, 0x0000000082500000, 0x0000000082500000|100%| O|  |TAMS 0x0000000082500000, 0x0000000082400000| Untracked 
|  37|0x0000000082500000, 0x0000000082600000, 0x0000000082600000|100%| O|  |TAMS 0x0000000082600000, 0x0000000082500000| Untracked 
|  38|0x0000000082600000, 0x0000000082700000, 0x0000000082700000|100%| O|  |TAMS 0x0000000082700000, 0x0000000082600000| Untracked 
|  39|0x0000000082700000, 0x0000000082800000, 0x0000000082800000|100%| O|  |TAMS 0x0000000082800000, 0x0000000082700000| Untracked 
|  40|0x0000000082800000, 0x0000000082900000, 0x0000000082900000|100%| O|  |TAMS 0x0000000082800000, 0x0000000082800000| Untracked 
|  41|0x0000000082900000, 0x0000000082a00000, 0x0000000082a00000|100%| O|  |TAMS 0x0000000082900000, 0x0000000082900000| Untracked 
|  42|0x0000000082a00000, 0x0000000082b00000, 0x0000000082b00000|100%| O|  |TAMS 0x0000000082b00000, 0x0000000082a00000| Untracked 
|  43|0x0000000082b00000, 0x0000000082c00000, 0x0000000082c00000|100%| O|  |TAMS 0x0000000082c00000, 0x0000000082b00000| Untracked 
|  44|0x0000000082c00000, 0x0000000082d00000, 0x0000000082d00000|100%| O|  |TAMS 0x0000000082d00000, 0x0000000082c00000| Untracked 
|  45|0x0000000082d00000, 0x0000000082e00000, 0x0000000082e00000|100%| O|  |TAMS 0x0000000082e00000, 0x0000000082d00000| Untracked 
|  46|0x0000000082e00000, 0x0000000082f00000, 0x0000000082f00000|100%| O|  |TAMS 0x0000000082f00000, 0x0000000082e00000| Untracked 
|  47|0x0000000082f00000, 0x0000000083000000, 0x0000000083000000|100%| O|  |TAMS 0x0000000083000000, 0x0000000082f00000| Untracked 
|  48|0x0000000083000000, 0x0000000083100000, 0x0000000083100000|100%| O|  |TAMS 0x0000000083100000, 0x0000000083000000| Untracked 
|  49|0x0000000083100000, 0x0000000083200000, 0x0000000083200000|100%| O|  |TAMS 0x0000000083200000, 0x0000000083100000| Untracked 
|  50|0x0000000083200000, 0x0000000083300000, 0x0000000083300000|100%| O|  |TAMS 0x0000000083300000, 0x0000000083200000| Untracked 
|  51|0x0000000083300000, 0x0000000083400000, 0x0000000083400000|100%| O|  |TAMS 0x0000000083400000, 0x0000000083300000| Untracked 
|  52|0x0000000083400000, 0x0000000083500000, 0x0000000083500000|100%| O|  |TAMS 0x0000000083500000, 0x0000000083400000| Untracked 
|  53|0x0000000083500000, 0x0000000083600000, 0x0000000083600000|100%| O|  |TAMS 0x0000000083600000, 0x0000000083500000| Untracked 
|  54|0x0000000083600000, 0x0000000083700000, 0x0000000083700000|100%| O|  |TAMS 0x0000000083700000, 0x0000000083600000| Untracked 
|  55|0x0000000083700000, 0x0000000083800000, 0x0000000083800000|100%| O|  |TAMS 0x0000000083800000, 0x0000000083700000| Untracked 
|  56|0x0000000083800000, 0x0000000083900000, 0x0000000083900000|100%| O|  |TAMS 0x0000000083900000, 0x0000000083800000| Untracked 
|  57|0x0000000083900000, 0x0000000083a00000, 0x0000000083a00000|100%| O|  |TAMS 0x0000000083a00000, 0x0000000083900000| Untracked 
|  58|0x0000000083a00000, 0x0000000083b00000, 0x0000000083b00000|100%| O|  |TAMS 0x0000000083b00000, 0x0000000083a00000| Untracked 
|  59|0x0000000083b00000, 0x0000000083c00000, 0x0000000083c00000|100%| O|  |TAMS 0x0000000083c00000, 0x0000000083b00000| Untracked 
|  60|0x0000000083c00000, 0x0000000083d00000, 0x0000000083d00000|100%| O|  |TAMS 0x0000000083d00000, 0x0000000083c00000| Untracked 
|  61|0x0000000083d00000, 0x0000000083e00000, 0x0000000083e00000|100%| O|  |TAMS 0x0000000083e00000, 0x0000000083d00000| Untracked 
|  62|0x0000000083e00000, 0x0000000083f00000, 0x0000000083f00000|100%| O|  |TAMS 0x0000000083f00000, 0x0000000083e00000| Untracked 
|  63|0x0000000083f00000, 0x0000000084000000, 0x0000000084000000|100%| O|  |TAMS 0x0000000084000000, 0x0000000083f00000| Untracked 
|  64|0x0000000084000000, 0x0000000084100000, 0x0000000084100000|100%| O|  |TAMS 0x0000000084100000, 0x0000000084000000| Untracked 
|  65|0x0000000084100000, 0x0000000084200000, 0x0000000084200000|100%| O|  |TAMS 0x0000000084200000, 0x0000000084100000| Untracked 
|  66|0x0000000084200000, 0x0000000084300000, 0x0000000084300000|100%| O|  |TAMS 0x0000000084300000, 0x0000000084200000| Untracked 
|  67|0x0000000084300000, 0x0000000084400000, 0x0000000084400000|100%| O|  |TAMS 0x0000000084400000, 0x0000000084300000| Untracked 
|  68|0x0000000084400000, 0x0000000084500000, 0x0000000084500000|100%| O|  |TAMS 0x0000000084500000, 0x0000000084400000| Untracked 
|  69|0x0000000084500000, 0x0000000084600000, 0x0000000084600000|100%| O|  |TAMS 0x0000000084600000, 0x0000000084500000| Untracked 
|  70|0x0000000084600000, 0x0000000084700000, 0x0000000084700000|100%| O|  |TAMS 0x0000000084700000, 0x0000000084600000| Untracked 
|  71|0x0000000084700000, 0x0000000084800000, 0x0000000084800000|100%| O|  |TAMS 0x0000000084800000, 0x0000000084700000| Untracked 
|  72|0x0000000084800000, 0x0000000084900000, 0x0000000084900000|100%| O|  |TAMS 0x0000000084900000, 0x0000000084800000| Untracked 
|  73|0x0000000084900000, 0x0000000084a00000, 0x0000000084a00000|100%| O|  |TAMS 0x0000000084a00000, 0x0000000084900000| Untracked 
|  74|0x0000000084a00000, 0x0000000084b00000, 0x0000000084b00000|100%| O|  |TAMS 0x0000000084b00000, 0x0000000084a00000| Untracked 
|  75|0x0000000084b00000, 0x0000000084c00000, 0x0000000084c00000|100%| O|  |TAMS 0x0000000084c00000, 0x0000000084b00000| Untracked 
|  76|0x0000000084c00000, 0x0000000084d00000, 0x0000000084d00000|100%| O|  |TAMS 0x0000000084c00000, 0x0000000084c00000| Untracked 
|  77|0x0000000084d00000, 0x0000000084e00000, 0x0000000084e00000|100%| O|  |TAMS 0x0000000084e00000, 0x0000000084d00000| Untracked 
|  78|0x0000000084e00000, 0x0000000084f00000, 0x0000000084f00000|100%| O|  |TAMS 0x0000000084f00000, 0x0000000084e00000| Untracked 
|  79|0x0000000084f00000, 0x0000000085000000, 0x0000000085000000|100%| O|  |TAMS 0x0000000085000000, 0x0000000084f00000| Untracked 
|  80|0x0000000085000000, 0x0000000085100000, 0x0000000085100000|100%| O|  |TAMS 0x00000000850fbc00, 0x0000000085000000| Untracked 
|  81|0x0000000085100000, 0x0000000085200000, 0x0000000085200000|100%| O|  |TAMS 0x0000000085100000, 0x0000000085100000| Untracked 
|  82|0x0000000085200000, 0x0000000085300000, 0x0000000085300000|100%| O|  |TAMS 0x0000000085300000, 0x0000000085200000| Untracked 
|  83|0x0000000085300000, 0x0000000085400000, 0x0000000085400000|100%| O|  |TAMS 0x0000000085400000, 0x0000000085300000| Untracked 
|  84|0x0000000085400000, 0x0000000085500000, 0x0000000085500000|100%| O|  |TAMS 0x0000000085400000, 0x0000000085400000| Untracked 
|  85|0x0000000085500000, 0x0000000085600000, 0x0000000085600000|100%| O|  |TAMS 0x0000000085500000, 0x0000000085500000| Untracked 
|  86|0x0000000085600000, 0x0000000085700000, 0x0000000085700000|100%| O|  |TAMS 0x0000000085600000, 0x0000000085600000| Untracked 
|  87|0x0000000085700000, 0x0000000085800000, 0x0000000085800000|100%| O|  |TAMS 0x0000000085700000, 0x0000000085700000| Untracked 
|  88|0x0000000085800000, 0x0000000085900000, 0x0000000085900000|100%| O|  |TAMS 0x0000000085800000, 0x0000000085800000| Untracked 
|  89|0x0000000085900000, 0x0000000085a00000, 0x0000000085a00000|100%| O|  |TAMS 0x0000000085900000, 0x0000000085900000| Untracked 
|  90|0x0000000085a00000, 0x0000000085b00000, 0x0000000085b00000|100%| O|  |TAMS 0x0000000085a00000, 0x0000000085a00000| Untracked 
|  91|0x0000000085b00000, 0x0000000085c00000, 0x0000000085c00000|100%| O|  |TAMS 0x0000000085b00000, 0x0000000085b00000| Untracked 
|  92|0x0000000085c00000, 0x0000000085d00000, 0x0000000085d00000|100%| O|  |TAMS 0x0000000085c00000, 0x0000000085c00000| Untracked 
|  93|0x0000000085d00000, 0x0000000085e00000, 0x0000000085e00000|100%| O|  |TAMS 0x0000000085d00000, 0x0000000085d00000| Untracked 
|  94|0x0000000085e00000, 0x0000000085f00000, 0x0000000085f00000|100%| O|  |TAMS 0x0000000085e00000, 0x0000000085e00000| Untracked 
|  95|0x0000000085f00000, 0x0000000086000000, 0x0000000086000000|100%| O|  |TAMS 0x0000000085f00000, 0x0000000085f00000| Untracked 
|  96|0x0000000086000000, 0x0000000086100000, 0x0000000086100000|100%| O|  |TAMS 0x0000000086000000, 0x0000000086000000| Untracked 
|  97|0x0000000086100000, 0x0000000086200000, 0x0000000086200000|100%| O|  |TAMS 0x0000000086100000, 0x0000000086100000| Untracked 
|  98|0x0000000086200000, 0x0000000086300000, 0x0000000086300000|100%| O|  |TAMS 0x0000000086200000, 0x0000000086200000| Untracked 
|  99|0x0000000086300000, 0x0000000086400000, 0x0000000086400000|100%| O|  |TAMS 0x0000000086300000, 0x0000000086300000| Untracked 
| 100|0x0000000086400000, 0x0000000086500000, 0x0000000086500000|100%| O|  |TAMS 0x0000000086400000, 0x0000000086400000| Untracked 
| 101|0x0000000086500000, 0x0000000086600000, 0x0000000086600000|100%| O|  |TAMS 0x0000000086500000, 0x0000000086500000| Untracked 
| 102|0x0000000086600000, 0x0000000086700000, 0x0000000086700000|100%| O|  |TAMS 0x0000000086600000, 0x0000000086600000| Untracked 
| 103|0x0000000086700000, 0x00000000867fc400, 0x0000000086800000| 98%| O|  |TAMS 0x0000000086700000, 0x0000000086700000| Untracked 
| 104|0x0000000086800000, 0x0000000086800000, 0x0000000086900000|  0%| F|  |TAMS 0x0000000086800000, 0x0000000086800000| Untracked 
| 105|0x0000000086900000, 0x0000000086900000, 0x0000000086a00000|  0%| F|  |TAMS 0x0000000086900000, 0x0000000086900000| Untracked 
| 106|0x0000000086a00000, 0x0000000086a00000, 0x0000000086b00000|  0%| F|  |TAMS 0x0000000086a00000, 0x0000000086a00000| Untracked 
| 107|0x0000000086b00000, 0x0000000086b00000, 0x0000000086c00000|  0%| F|  |TAMS 0x0000000086b00000, 0x0000000086b00000| Untracked 
| 108|0x0000000086c00000, 0x0000000086c00000, 0x0000000086d00000|  0%| F|  |TAMS 0x0000000086c00000, 0x0000000086c00000| Untracked 
| 109|0x0000000086d00000, 0x0000000086d00000, 0x0000000086e00000|  0%| F|  |TAMS 0x0000000086d00000, 0x0000000086d00000| Untracked 
| 110|0x0000000086e00000, 0x0000000086e00000, 0x0000000086f00000|  0%| F|  |TAMS 0x0000000086e00000, 0x0000000086e00000| Untracked 
| 111|0x0000000086f00000, 0x0000000086f00000, 0x0000000087000000|  0%| F|  |TAMS 0x0000000086f00000, 0x0000000086f00000| Untracked 
| 112|0x0000000087000000, 0x0000000087000000, 0x0000000087100000|  0%| F|  |TAMS 0x0000000087000000, 0x0000000087000000| Untracked 
| 113|0x0000000087100000, 0x0000000087100000, 0x0000000087200000|  0%| F|  |TAMS 0x0000000087100000, 0x0000000087100000| Untracked 
| 114|0x0000000087200000, 0x0000000087200000, 0x0000000087300000|  0%| F|  |TAMS 0x0000000087200000, 0x0000000087200000| Untracked 
| 115|0x0000000087300000, 0x0000000087300000, 0x0000000087400000|  0%| F|  |TAMS 0x0000000087300000, 0x0000000087300000| Untracked 
| 116|0x0000000087400000, 0x0000000087400000, 0x0000000087500000|  0%| F|  |TAMS 0x0000000087400000, 0x0000000087400000| Untracked 
| 117|0x0000000087500000, 0x0000000087500000, 0x0000000087600000|  0%| F|  |TAMS 0x0000000087500000, 0x0000000087500000| Untracked 
| 118|0x0000000087600000, 0x0000000087600000, 0x0000000087700000|  0%| F|  |TAMS 0x0000000087600000, 0x0000000087600000| Untracked 
| 119|0x0000000087700000, 0x0000000087700000, 0x0000000087800000|  0%| F|  |TAMS 0x0000000087700000, 0x0000000087700000| Untracked 
| 120|0x0000000087800000, 0x0000000087800000, 0x0000000087900000|  0%| F|  |TAMS 0x0000000087800000, 0x0000000087800000| Untracked 
| 121|0x0000000087900000, 0x0000000087900000, 0x0000000087a00000|  0%| F|  |TAMS 0x0000000087900000, 0x0000000087900000| Untracked 
| 122|0x0000000087a00000, 0x0000000087a00000, 0x0000000087b00000|  0%| F|  |TAMS 0x0000000087a00000, 0x0000000087a00000| Untracked 
| 123|0x0000000087b00000, 0x0000000087b00000, 0x0000000087c00000|  0%| F|  |TAMS 0x0000000087b00000, 0x0000000087b00000| Untracked 
| 124|0x0000000087c00000, 0x0000000087c00000, 0x0000000087d00000|  0%| F|  |TAMS 0x0000000087c00000, 0x0000000087c00000| Untracked 
| 125|0x0000000087d00000, 0x0000000087d00000, 0x0000000087e00000|  0%| F|  |TAMS 0x0000000087d00000, 0x0000000087d00000| Untracked 
| 126|0x0000000087e00000, 0x0000000087e00000, 0x0000000087f00000|  0%| F|  |TAMS 0x0000000087e00000, 0x0000000087e00000| Untracked 
| 127|0x0000000087f00000, 0x0000000087f00000, 0x0000000088000000|  0%| F|  |TAMS 0x0000000087f00000, 0x0000000087f00000| Untracked 
| 128|0x0000000088000000, 0x0000000088000000, 0x0000000088100000|  0%| F|  |TAMS 0x0000000088000000, 0x0000000088000000| Untracked 
| 129|0x0000000088100000, 0x000000008815e9d8, 0x0000000088200000| 36%| S|CS|TAMS 0x0000000088100000, 0x0000000088100000| Complete 
| 130|0x0000000088200000, 0x0000000088300000, 0x0000000088300000|100%| S|CS|TAMS 0x0000000088200000, 0x0000000088200000| Complete 
| 131|0x0000000088300000, 0x0000000088300000, 0x0000000088400000|  0%| F|  |TAMS 0x0000000088300000, 0x0000000088300000| Untracked 
| 132|0x0000000088400000, 0x0000000088400000, 0x0000000088500000|  0%| F|  |TAMS 0x0000000088400000, 0x0000000088400000| Untracked 
| 133|0x0000000088500000, 0x0000000088500000, 0x0000000088600000|  0%| F|  |TAMS 0x0000000088500000, 0x0000000088500000| Untracked 
| 134|0x0000000088600000, 0x0000000088600000, 0x0000000088700000|  0%| F|  |TAMS 0x0000000088600000, 0x0000000088600000| Untracked 
| 135|0x0000000088700000, 0x0000000088700000, 0x0000000088800000|  0%| F|  |TAMS 0x0000000088700000, 0x0000000088700000| Untracked 
| 136|0x0000000088800000, 0x0000000088800000, 0x0000000088900000|  0%| F|  |TAMS 0x0000000088800000, 0x0000000088800000| Untracked 
| 137|0x0000000088900000, 0x0000000088900000, 0x0000000088a00000|  0%| F|  |TAMS 0x0000000088900000, 0x0000000088900000| Untracked 
| 138|0x0000000088a00000, 0x0000000088a00000, 0x0000000088b00000|  0%| F|  |TAMS 0x0000000088a00000, 0x0000000088a00000| Untracked 
| 139|0x0000000088b00000, 0x0000000088b00000, 0x0000000088c00000|  0%| F|  |TAMS 0x0000000088b00000, 0x0000000088b00000| Untracked 
| 140|0x0000000088c00000, 0x0000000088c00000, 0x0000000088d00000|  0%| F|  |TAMS 0x0000000088c00000, 0x0000000088c00000| Untracked 
| 141|0x0000000088d00000, 0x0000000088d00000, 0x0000000088e00000|  0%| F|  |TAMS 0x0000000088d00000, 0x0000000088d00000| Untracked 
| 142|0x0000000088e00000, 0x0000000088e00000, 0x0000000088f00000|  0%| F|  |TAMS 0x0000000088e00000, 0x0000000088e00000| Untracked 
| 143|0x0000000088f00000, 0x0000000088f00000, 0x0000000089000000|  0%| F|  |TAMS 0x0000000088f00000, 0x0000000088f00000| Untracked 
| 144|0x0000000089000000, 0x0000000089000000, 0x0000000089100000|  0%| F|  |TAMS 0x0000000089000000, 0x0000000089000000| Untracked 
| 145|0x0000000089100000, 0x0000000089100000, 0x0000000089200000|  0%| F|  |TAMS 0x0000000089100000, 0x0000000089100000| Untracked 
| 146|0x0000000089200000, 0x0000000089200000, 0x0000000089300000|  0%| F|  |TAMS 0x0000000089200000, 0x0000000089200000| Untracked 
| 147|0x0000000089300000, 0x0000000089300000, 0x0000000089400000|  0%| F|  |TAMS 0x0000000089300000, 0x0000000089300000| Untracked 
| 148|0x0000000089400000, 0x0000000089400000, 0x0000000089500000|  0%| F|  |TAMS 0x0000000089400000, 0x0000000089400000| Untracked 
| 149|0x0000000089500000, 0x0000000089500000, 0x0000000089600000|  0%| F|  |TAMS 0x0000000089500000, 0x0000000089500000| Untracked 
| 150|0x0000000089600000, 0x0000000089600000, 0x0000000089700000|  0%| F|  |TAMS 0x0000000089600000, 0x0000000089600000| Untracked 
| 151|0x0000000089700000, 0x0000000089700000, 0x0000000089800000|  0%| F|  |TAMS 0x0000000089700000, 0x0000000089700000| Untracked 
| 152|0x0000000089800000, 0x0000000089800000, 0x0000000089900000|  0%| F|  |TAMS 0x0000000089800000, 0x0000000089800000| Untracked 
| 153|0x0000000089900000, 0x0000000089900000, 0x0000000089a00000|  0%| F|  |TAMS 0x0000000089900000, 0x0000000089900000| Untracked 
| 154|0x0000000089a00000, 0x0000000089a00000, 0x0000000089b00000|  0%| F|  |TAMS 0x0000000089a00000, 0x0000000089a00000| Untracked 
| 155|0x0000000089b00000, 0x0000000089b00000, 0x0000000089c00000|  0%| F|  |TAMS 0x0000000089b00000, 0x0000000089b00000| Untracked 
| 156|0x0000000089c00000, 0x0000000089c00000, 0x0000000089d00000|  0%| F|  |TAMS 0x0000000089c00000, 0x0000000089c00000| Untracked 
| 157|0x0000000089d00000, 0x0000000089d00000, 0x0000000089e00000|  0%| F|  |TAMS 0x0000000089d00000, 0x0000000089d00000| Untracked 
| 158|0x0000000089e00000, 0x0000000089e00000, 0x0000000089f00000|  0%| F|  |TAMS 0x0000000089e00000, 0x0000000089e00000| Untracked 
| 159|0x0000000089f00000, 0x0000000089f00000, 0x000000008a000000|  0%| F|  |TAMS 0x0000000089f00000, 0x0000000089f00000| Untracked 
| 160|0x000000008a000000, 0x000000008a000000, 0x000000008a100000|  0%| F|  |TAMS 0x000000008a000000, 0x000000008a000000| Untracked 
| 161|0x000000008a100000, 0x000000008a100000, 0x000000008a200000|  0%| F|  |TAMS 0x000000008a100000, 0x000000008a100000| Untracked 
| 162|0x000000008a200000, 0x000000008a200000, 0x000000008a300000|  0%| F|  |TAMS 0x000000008a200000, 0x000000008a200000| Untracked 
| 163|0x000000008a300000, 0x000000008a300000, 0x000000008a400000|  0%| F|  |TAMS 0x000000008a300000, 0x000000008a300000| Untracked 
| 164|0x000000008a400000, 0x000000008a400000, 0x000000008a500000|  0%| F|  |TAMS 0x000000008a400000, 0x000000008a400000| Untracked 
| 165|0x000000008a500000, 0x000000008a500000, 0x000000008a600000|  0%| F|  |TAMS 0x000000008a500000, 0x000000008a500000| Untracked 
| 166|0x000000008a600000, 0x000000008a600000, 0x000000008a700000|  0%| F|  |TAMS 0x000000008a600000, 0x000000008a600000| Untracked 
| 167|0x000000008a700000, 0x000000008a700000, 0x000000008a800000|  0%| F|  |TAMS 0x000000008a700000, 0x000000008a700000| Untracked 

Card table byte_map: [0x0000021579c90000,0x000002157a090000] _byte_map_base: 0x0000021579890000

Marking Bits (Prev, Next): (CMBitMap*) 0x0000021566ab0ec8, (CMBitMap*) 0x0000021566ab0f00
 Prev Bits: [0x000002157a490000, 0x000002157c490000)
 Next Bits: [0x000002157c490000, 0x000002157e490000)

Polling page: 0x0000021564a30000

Metaspace:

Usage:
  Non-class:     91.38 MB capacity,    89.67 MB ( 98%) used,     1.36 MB (  1%) free+waste,   355.38 KB ( <1%) overhead. 
      Class:     14.47 MB capacity,    13.37 MB ( 92%) used,   958.89 KB (  6%) free+waste,   162.88 KB (  1%) overhead. 
       Both:    105.85 MB capacity,   103.05 MB ( 97%) used,     2.30 MB (  2%) free+waste,   518.25 KB ( <1%) overhead. 

Virtual space:
  Non-class space:       92.00 MB reserved,      91.50 MB (>99%) committed 
      Class space:        1.00 GB reserved,      14.50 MB (  1%) committed 
             Both:        1.09 GB reserved,     106.00 MB (  9%) committed 

Chunk freelists:
   Non-Class:  0 bytes
       Class:  0 bytes
        Both:  0 bytes

MaxMetaspaceSize: 17179869184.00 GB
CompressedClassSpaceSize: 1.00 GB

CodeHeap 'non-profiled nmethods': size=120000Kb used=8234Kb max_used=8234Kb free=111766Kb
 bounds [0x0000021572030000, 0x0000021572840000, 0x0000021579560000]
CodeHeap 'profiled nmethods': size=120000Kb used=33213Kb max_used=33213Kb free=86786Kb
 bounds [0x000002156ab00000, 0x000002156cb70000, 0x0000021572030000]
CodeHeap 'non-nmethods': size=5760Kb used=2314Kb max_used=2349Kb free=3445Kb
 bounds [0x000002156a560000, 0x000002156a7d0000, 0x000002156ab00000]
 total_blobs=15571 nmethods=14647 adapters=833
 compilation: enabled
              stopped_count=0, restarted_count=0
 full_count=0

Compilation events (20 events):
Event: 336.142 Thread 0x000002157eedc000 14789       3       org.gradle.internal.serialize.InputStreamBackedDecoder::readByte (13 bytes)
Event: 336.167 Thread 0x000002157eedc000 nmethod 14789 0x000002156cb6b510 code [0x000002156cb6b6e0, 0x000002156cb6ba18]
Event: 336.168 Thread 0x000002157eedc000 14791       3       org.gradle.launcher.daemon.context.DefaultDaemonContext$Serializer::read (182 bytes)
Event: 336.283 Thread 0x000002157eedc000 nmethod 14791 0x000002156cb6bb90 code [0x000002156cb6bf20, 0x000002156cb6d788]
Event: 342.548 Thread 0x000002157eedc000 14792       3       org.gradle.internal.event.DefaultListenerManager$ListenerDetails::startNotification (8 bytes)
Event: 342.570 Thread 0x000002157eedc000 nmethod 14792 0x000002156cb6e010 code [0x000002156cb6e220, 0x000002156cb6e758]
Event: 342.570 Thread 0x000002157eedc000 14793       3       org.gradle.internal.event.DefaultListenerManager$ListenerDetails::endNotification (8 bytes)
Event: 342.572 Thread 0x000002157eedc000 nmethod 14793 0x000002156cb6e910 code [0x000002156cb6eae0, 0x000002156cb6ed08]
Event: 345.617 Thread 0x000002157eed7800 14794       4       java.util.HashMap$HashMapSpliterator::<init> (32 bytes)
Event: 345.654 Thread 0x000002157eed7800 nmethod 14794 0x0000021572839d10 code [0x0000021572839ea0, 0x0000021572839ff8]
Event: 355.915 Thread 0x000002157eed7800 14795       4       org.gradle.internal.time.DefaultTimer::getElapsedMillis (29 bytes)
Event: 355.927 Thread 0x000002157eedc000 14797       3       com.android.tools.r8.graph.T$E::<init> (5 bytes)
Event: 355.934 Thread 0x000002157eedc000 nmethod 14797 0x000002156cb6ee10 code [0x000002156cb6efc0, 0x000002156cb6f118]
Event: 355.938 Thread 0x000002157eedc000 14798       3       com.android.tools.r8.internal.xq::<init> (5 bytes)
Event: 355.939 Thread 0x000002157eedc000 nmethod 14798 0x000002156cb6f210 code [0x000002156cb6f3c0, 0x000002156cb6f578]
Event: 355.956 Thread 0x000002157eed7800 nmethod 14795 0x000002157283a090 code [0x000002157283a240, 0x000002157283a3b8]
Event: 355.956 Thread 0x000002157eed7800 14796       4       com.android.tools.r8.graph.a0::F (30 bytes)
Event: 355.964 Thread 0x000002157eedc000 14799       1       com.android.tools.r8.internal.jf::getKey (5 bytes)
Event: 355.973 Thread 0x000002157eedc000 nmethod 14799 0x000002157283a510 code [0x000002157283a6c0, 0x000002157283a778]
Event: 355.982 Thread 0x000002157eedc000 14800       3       com.android.tools.r8.internal.pe$b::next (38 bytes)

GC Heap History (20 events):
Event: 114.354 GC heap after
{Heap after GC invocations=80 (full 0):
 garbage-first heap   total 143360K, used 92464K [0x0000000080000000, 0x0000000100000000)
  region size 1024K, 2 young (2048K), 2 survivors (2048K)
 Metaspace       used 87286K, capacity 89347K, committed 89600K, reserved 1126400K
  class space    used 11145K, capacity 11891K, committed 12032K, reserved 1048576K
}
Event: 114.992 GC heap before
{Heap before GC invocations=80 (full 0):
 garbage-first heap   total 143360K, used 112944K [0x0000000080000000, 0x0000000100000000)
  region size 1024K, 22 young (22528K), 2 survivors (2048K)
 Metaspace       used 88788K, capacity 90883K, committed 91008K, reserved 1128448K
  class space    used 11350K, capacity 12083K, committed 12160K, reserved 1048576K
}
Event: 114.997 GC heap after
{Heap after GC invocations=81 (full 0):
 garbage-first heap   total 172032K, used 92828K [0x0000000080000000, 0x0000000100000000)
  region size 1024K, 2 young (2048K), 2 survivors (2048K)
 Metaspace       used 88788K, capacity 90883K, committed 91008K, reserved 1128448K
  class space    used 11350K, capacity 12083K, committed 12160K, reserved 1048576K
}
Event: 115.953 GC heap before
{Heap before GC invocations=81 (full 0):
 garbage-first heap   total 172032K, used 126620K [0x0000000080000000, 0x0000000100000000)
  region size 1024K, 35 young (35840K), 2 survivors (2048K)
 Metaspace       used 91370K, capacity 93411K, committed 93568K, reserved 1130496K
  class space    used 11635K, capacity 12371K, committed 12416K, reserved 1048576K
}
Event: 115.958 GC heap after
{Heap after GC invocations=82 (full 0):
 garbage-first heap   total 172032K, used 94655K [0x0000000080000000, 0x0000000100000000)
  region size 1024K, 4 young (4096K), 4 survivors (4096K)
 Metaspace       used 91370K, capacity 93411K, committed 93568K, reserved 1130496K
  class space    used 11635K, capacity 12371K, committed 12416K, reserved 1048576K
}
Event: 118.554 GC heap before
{Heap before GC invocations=82 (full 0):
 garbage-first heap   total 172032K, used 128447K [0x0000000080000000, 0x0000000100000000)
  region size 1024K, 38 young (38912K), 4 survivors (4096K)
 Metaspace       used 92142K, capacity 94241K, committed 94464K, reserved 1130496K
  class space    used 11733K, capacity 12491K, committed 12544K, reserved 1048576K
}
Event: 118.585 GC heap after
{Heap after GC invocations=83 (full 0):
 garbage-first heap   total 172032K, used 97736K [0x0000000080000000, 0x0000000100000000)
  region size 1024K, 5 young (5120K), 5 survivors (5120K)
 Metaspace       used 92142K, capacity 94241K, committed 94464K, reserved 1130496K
  class space    used 11733K, capacity 12491K, committed 12544K, reserved 1048576K
}
Event: 120.491 GC heap before
{Heap before GC invocations=83 (full 0):
 garbage-first heap   total 172032K, used 131528K [0x0000000080000000, 0x0000000100000000)
  region size 1024K, 39 young (39936K), 5 survivors (5120K)
 Metaspace       used 92181K, capacity 94247K, committed 94464K, reserved 1130496K
  class space    used 11734K, capacity 12491K, committed 12544K, reserved 1048576K
}
Event: 120.504 GC heap after
{Heap after GC invocations=84 (full 0):
 garbage-first heap   total 172032K, used 101123K [0x0000000080000000, 0x0000000100000000)
  region size 1024K, 4 young (4096K), 4 survivors (4096K)
 Metaspace       used 92181K, capacity 94247K, committed 94464K, reserved 1130496K
  class space    used 11734K, capacity 12491K, committed 12544K, reserved 1048576K
}
Event: 123.288 GC heap before
{Heap before GC invocations=84 (full 0):
 garbage-first heap   total 172032K, used 133891K [0x0000000080000000, 0x0000000100000000)
  region size 1024K, 37 young (37888K), 4 survivors (4096K)
 Metaspace       used 95984K, capacity 98272K, committed 98432K, reserved 1134592K
  class space    used 12311K, capacity 13169K, committed 13184K, reserved 1048576K
}
Event: 123.299 GC heap after
{Heap after GC invocations=85 (full 0):
 garbage-first heap   total 172032K, used 104491K [0x0000000080000000, 0x0000000100000000)
  region size 1024K, 4 young (4096K), 4 survivors (4096K)
 Metaspace       used 95984K, capacity 98272K, committed 98432K, reserved 1134592K
  class space    used 12311K, capacity 13169K, committed 13184K, reserved 1048576K
}
Event: 124.630 GC heap before
{Heap before GC invocations=85 (full 0):
 garbage-first heap   total 172032K, used 137259K [0x0000000080000000, 0x0000000100000000)
  region size 1024K, 37 young (37888K), 4 survivors (4096K)
 Metaspace       used 101706K, capacity 104404K, committed 104448K, reserved 1138688K
  class space    used 13283K, capacity 14305K, committed 14336K, reserved 1048576K
}
Event: 124.642 GC heap after
{Heap after GC invocations=86 (full 0):
 garbage-first heap   total 172032K, used 106940K [0x0000000080000000, 0x0000000100000000)
  region size 1024K, 3 young (3072K), 3 survivors (3072K)
 Metaspace       used 101706K, capacity 104404K, committed 104448K, reserved 1138688K
  class space    used 13283K, capacity 14305K, committed 14336K, reserved 1048576K
}
Event: 125.088 GC heap before
{Heap before GC invocations=86 (full 0):
 garbage-first heap   total 172032K, used 139708K [0x0000000080000000, 0x0000000100000000)
  region size 1024K, 36 young (36864K), 3 survivors (3072K)
 Metaspace       used 103771K, capacity 106608K, committed 106880K, reserved 1140736K
  class space    used 13548K, capacity 14670K, committed 14720K, reserved 1048576K
}
Event: 125.093 GC heap after
{Heap after GC invocations=87 (full 0):
 garbage-first heap   total 172032K, used 107932K [0x0000000080000000, 0x0000000100000000)
  region size 1024K, 4 young (4096K), 4 survivors (4096K)
 Metaspace       used 103771K, capacity 106608K, committed 106880K, reserved 1140736K
  class space    used 13548K, capacity 14670K, committed 14720K, reserved 1048576K
}
Event: 126.297 GC heap before
{Heap before GC invocations=87 (full 0):
 garbage-first heap   total 172032K, used 140700K [0x0000000080000000, 0x0000000100000000)
  region size 1024K, 37 young (37888K), 4 survivors (4096K)
 Metaspace       used 104726K, capacity 107644K, committed 107776K, reserved 1142784K
  class space    used 13618K, capacity 14748K, committed 14848K, reserved 1048576K
}
Event: 126.321 GC heap after
{Heap after GC invocations=88 (full 0):
 garbage-first heap   total 172032K, used 107233K [0x0000000080000000, 0x0000000100000000)
  region size 1024K, 1 young (1024K), 1 survivors (1024K)
 Metaspace       used 104726K, capacity 107644K, committed 107776K, reserved 1142784K
  class space    used 13618K, capacity 14748K, committed 14848K, reserved 1048576K
}
Event: 176.021 GC heap before
{Heap before GC invocations=88 (full 0):
 garbage-first heap   total 172032K, used 142049K [0x0000000080000000, 0x0000000100000000)
  region size 1024K, 36 young (36864K), 1 survivors (1024K)
 Metaspace       used 105124K, capacity 107991K, committed 108288K, reserved 1142784K
  class space    used 13645K, capacity 14772K, committed 14848K, reserved 1048576K
}
Event: 176.116 GC heap after
{Heap after GC invocations=89 (full 0):
 garbage-first heap   total 172032K, used 107145K [0x0000000080000000, 0x0000000100000000)
  region size 1024K, 1 young (1024K), 1 survivors (1024K)
 Metaspace       used 105124K, capacity 107991K, committed 108288K, reserved 1142784K
  class space    used 13645K, capacity 14772K, committed 14848K, reserved 1048576K
}
Event: 356.107 GC heap before
{Heap before GC invocations=89 (full 0):
 garbage-first heap   total 172032K, used 142985K [0x0000000080000000, 0x0000000100000000)
  region size 1024K, 37 young (37888K), 1 survivors (1024K)
 Metaspace       used 105521K, capacity 108390K, committed 108544K, reserved 1142784K
  class space    used 13694K, capacity 14816K, committed 14848K, reserved 1048576K
}

Deoptimization events (20 events):
Event: 286.092 Thread 0x0000021506031000 DEOPT PACKING pc=0x000002156c79378b sp=0x000000eaf05f95f0
Event: 286.092 Thread 0x0000021506031000 DEOPT UNPACKING pc=0x000002156a5876ce sp=0x000000eaf05f8dc0 mode 0
Event: 286.102 Thread 0x0000021506031000 Uncommon trap: trap_request=0xffffff4d fr.pc=0x00000215727b05f8 relative=0x00000000000000b8
Event: 286.102 Thread 0x0000021506031000 Uncommon trap: reason=unstable_if action=reinterpret pc=0x00000215727b05f8 method=com.android.tools.r8.ir.regalloc.a.a(I)I @ 12 c2
Event: 286.102 Thread 0x0000021506031000 DEOPT PACKING pc=0x00000215727b05f8 sp=0x000000eaf05f9980
Event: 286.102 Thread 0x0000021506031000 DEOPT UNPACKING pc=0x000002156a5878af sp=0x000000eaf05f98a0 mode 2
Event: 286.103 Thread 0x0000021506031000 Uncommon trap: trap_request=0xffffff4d fr.pc=0x00000215727fab4c relative=0x000000000000098c
Event: 286.103 Thread 0x0000021506031000 Uncommon trap: reason=unstable_if action=reinterpret pc=0x00000215727fab4c method=com.android.tools.r8.ir.regalloc.b.u()Z @ 9 c2
Event: 286.104 Thread 0x0000021506031000 DEOPT PACKING pc=0x00000215727fab4c sp=0x000000eaf05f9b60
Event: 286.105 Thread 0x0000021506031000 DEOPT UNPACKING pc=0x000002156a5878af sp=0x000000eaf05f99c8 mode 2
Event: 286.105 Thread 0x0000021506031000 Uncommon trap: trap_request=0xffffff4d fr.pc=0x00000215727e1310 relative=0x0000000000002530
Event: 286.105 Thread 0x0000021506031000 Uncommon trap: reason=unstable_if action=reinterpret pc=0x00000215727e1310 method=com.android.tools.r8.ir.regalloc.b.u()Z @ 9 c2
Event: 286.105 Thread 0x0000021506031000 DEOPT PACKING pc=0x00000215727e1310 sp=0x000000eaf05f9d90
Event: 286.105 Thread 0x0000021506031000 DEOPT UNPACKING pc=0x000002156a5878af sp=0x000000eaf05f9ca8 mode 2
Event: 286.228 Thread 0x0000021506031000 DEOPT PACKING pc=0x000002156c7bdefe sp=0x000000eaf05f9db0
Event: 286.228 Thread 0x0000021506031000 DEOPT UNPACKING pc=0x000002156a5876ce sp=0x000000eaf05f9490 mode 0
Event: 286.242 Thread 0x0000021506031000 Uncommon trap: trap_request=0xffffff7e fr.pc=0x000002157272f5e4 relative=0x0000000000000244
Event: 286.242 Thread 0x0000021506031000 Uncommon trap: reason=predicate action=maybe_recompile pc=0x000002157272f5e4 method=com.android.tools.r8.graph.c0.a([C)I @ 8 c2
Event: 286.242 Thread 0x0000021506031000 DEOPT PACKING pc=0x000002157272f5e4 sp=0x000000eaf05f9e90
Event: 286.242 Thread 0x0000021506031000 DEOPT UNPACKING pc=0x000002156a5878af sp=0x000000eaf05f9e18 mode 2

Classes redefined (0 events):
No events

Internal exceptions (20 events):
Event: 125.163 Thread 0x0000021506036800 Exception <a 'sun/nio/fs/WindowsException'{0x000000008a522598}> (0x000000008a522598) thrown at [./src/hotspot/share/prims/jni.cpp, line 615]
Event: 125.163 Thread 0x0000021506031000 Exception <a 'sun/nio/fs/WindowsException'{0x000000008a682f08}> (0x000000008a682f08) thrown at [./src/hotspot/share/prims/jni.cpp, line 615]
Event: 125.368 Thread 0x0000021506037800 Exception <a 'sun/nio/fs/WindowsException'{0x000000008999a850}> (0x000000008999a850) thrown at [./src/hotspot/share/prims/jni.cpp, line 615]
Event: 125.758 Thread 0x0000021506038000 Exception <a 'sun/nio/fs/WindowsException'{0x0000000089193178}> (0x0000000089193178) thrown at [./src/hotspot/share/prims/jni.cpp, line 615]
Event: 127.321 Thread 0x0000021506030000 Exception <a 'sun/nio/fs/WindowsException'{0x00000000886cec10}> (0x00000000886cec10) thrown at [./src/hotspot/share/prims/jni.cpp, line 615]
Event: 285.200 Thread 0x0000021506038000 Exception <a 'java/lang/NoSuchMethodError'{0x000000008a43fd10}: 'void java.lang.invoke.DirectMethodHandle$Holder.invokeStatic(java.lang.Object, java.lang.Object, java.lang.Object, java.lang.Object, java.lang.Object, java.lang.Object, java.lang.Object)'> (0x000000008a43fd10) thrown at [./src/hotspot/share/interpreter/linkResolver.cpp, line 773]
Event: 285.201 Thread 0x0000021506036800 Exception <a 'java/lang/NoSuchMethodError'{0x000000008a438d00}: 'void java.lang.invoke.DirectMethodHandle$Holder.invokeStatic(java.lang.Object, java.lang.Object, java.lang.Object, java.lang.Object, java.lang.Object, java.lang.Object, java.lang.Object)'> (0x000000008a438d00) thrown at [./src/hotspot/share/interpreter/linkResolver.cpp, line 773]
Event: 285.201 Thread 0x0000021506037800 Exception <a 'java/lang/NoSuchMethodError'{0x000000008a5de7d8}: 'void java.lang.invoke.DirectMethodHandle$Holder.invokeStatic(java.lang.Object, java.lang.Object, java.lang.Object, java.lang.Object, java.lang.Object, java.lang.Object, java.lang.Object)'> (0x000000008a5de7d8) thrown at [./src/hotspot/share/interpreter/linkResolver.cpp, line 773]
Event: 285.202 Thread 0x000002150603a000 Exception <a 'java/lang/NoSuchMethodError'{0x000000008a54b8a0}: 'void java.lang.invoke.DirectMethodHandle$Holder.invokeStatic(java.lang.Object, java.lang.Object, java.lang.Object, java.lang.Object, java.lang.Object, java.lang.Object, java.lang.Object)'> (0x000000008a54b8a0) thrown at [./src/hotspot/share/interpreter/linkResolver.cpp, line 773]
Event: 285.203 Thread 0x0000021506031000 Exception <a 'java/lang/NoSuchMethodError'{0x000000008a4504f0}: 'void java.lang.invoke.DirectMethodHandle$Holder.invokeStatic(java.lang.Object, java.lang.Object, java.lang.Object, java.lang.Object, java.lang.Object, java.lang.Object, java.lang.Object)'> (0x000000008a4504f0) thrown at [./src/hotspot/share/interpreter/linkResolver.cpp, line 773]
Event: 285.206 Thread 0x0000021506030000 Exception <a 'java/lang/NoSuchMethodError'{0x000000008a55cb98}: 'void java.lang.invoke.DirectMethodHandle$Holder.invokeStatic(java.lang.Object, java.lang.Object, java.lang.Object, java.lang.Object, java.lang.Object, java.lang.Object, java.lang.Object)'> (0x000000008a55cb98) thrown at [./src/hotspot/share/interpreter/linkResolver.cpp, line 773]
Event: 285.207 Thread 0x0000021506039000 Exception <a 'java/lang/NoSuchMethodError'{0x000000008a419928}: 'void java.lang.invoke.DirectMethodHandle$Holder.invokeStatic(java.lang.Object, java.lang.Object, java.lang.Object, java.lang.Object, java.lang.Object, java.lang.Object, java.lang.Object)'> (0x000000008a419928) thrown at [./src/hotspot/share/interpreter/linkResolver.cpp, line 773]
Event: 285.801 Thread 0x000002150603a000 Exception <a 'sun/nio/fs/WindowsException'{0x000000008a12efa0}> (0x000000008a12efa0) thrown at [./src/hotspot/share/prims/jni.cpp, line 615]
Event: 285.808 Thread 0x0000021506031000 Exception <a 'sun/nio/fs/WindowsException'{0x000000008a18d048}> (0x000000008a18d048) thrown at [./src/hotspot/share/prims/jni.cpp, line 615]
Event: 286.089 Thread 0x000002150603a000 Exception <a 'sun/nio/fs/WindowsException'{0x00000000892e29c8}> (0x00000000892e29c8) thrown at [./src/hotspot/share/prims/jni.cpp, line 615]
Event: 286.309 Thread 0x0000021506031000 Exception <a 'sun/nio/fs/WindowsException'{0x0000000088642bd8}> (0x0000000088642bd8) thrown at [./src/hotspot/share/prims/jni.cpp, line 615]
Event: 355.646 Thread 0x0000021506036800 Exception <a 'sun/nio/fs/WindowsException'{0x00000000885d66c8}> (0x00000000885d66c8) thrown at [./src/hotspot/share/prims/jni.cpp, line 615]
Event: 355.646 Thread 0x0000021506037800 Exception <a 'sun/nio/fs/WindowsException'{0x00000000884251b0}> (0x00000000884251b0) thrown at [./src/hotspot/share/prims/jni.cpp, line 615]
Event: 355.646 Thread 0x0000021506039000 Exception <a 'sun/nio/fs/WindowsException'{0x000000008840c8a0}> (0x000000008840c8a0) thrown at [./src/hotspot/share/prims/jni.cpp, line 615]
Event: 355.646 Thread 0x0000021506036000 Exception <a 'sun/nio/fs/WindowsException'{0x00000000885eea88}> (0x00000000885eea88) thrown at [./src/hotspot/share/prims/jni.cpp, line 615]

Events (20 events):
Event: 286.010 loading class com/android/tools/r8/internal/dj done
Event: 286.010 loading class com/android/tools/r8/internal/dj
Event: 286.010 loading class com/android/tools/r8/internal/dj done
Event: 286.011 loading class com/android/tools/r8/internal/iu
Event: 286.011 loading class com/android/tools/r8/internal/iu done
Event: 286.011 loading class com/android/tools/r8/internal/iu
Event: 286.011 loading class com/android/tools/r8/internal/iu done
Event: 286.011 loading class com/android/tools/r8/internal/iu
Event: 286.011 loading class com/android/tools/r8/internal/iu done
Event: 286.011 loading class com/android/tools/r8/internal/iu
Event: 286.011 loading class com/android/tools/r8/internal/iu done
Event: 286.014 loading class com/android/tools/r8/internal/Ne
Event: 286.014 loading class com/android/tools/r8/internal/Ne done
Event: 286.015 loading class com/android/tools/r8/internal/iu
Event: 286.015 loading class com/android/tools/r8/internal/iu done
Event: 286.015 loading class com/android/tools/r8/internal/Ue
Event: 286.015 loading class com/android/tools/r8/internal/Ue done
Event: 286.079 Executing VM operation: ICBufferFull
Event: 286.079 Executing VM operation: ICBufferFull done
Event: 356.007 Executing VM operation: G1CollectForAllocation


Dynamic libraries:
0x00007ff652250000 - 0x00007ff65225a000 	C:\Users\akash\Downloads\android-studio-2020.3.1.20-windows\android-studio\jre\bin\java.exe
0x00007ff923020000 - 0x00007ff923229000 	C:\WINDOWS\SYSTEM32\ntdll.dll
0x00007ff921680000 - 0x00007ff92173d000 	C:\WINDOWS\System32\KERNEL32.DLL
0x00007ff920a20000 - 0x00007ff920d94000 	C:\WINDOWS\System32\KERNELBASE.dll
0x00007ff920720000 - 0x00007ff920831000 	C:\WINDOWS\System32\ucrtbase.dll
0x00007ff90c5b0000 - 0x00007ff90c5c9000 	C:\Users\akash\Downloads\android-studio-2020.3.1.20-windows\android-studio\jre\bin\jli.dll
0x00007ff921490000 - 0x00007ff92163c000 	C:\WINDOWS\System32\USER32.dll
0x00007ff9209f0000 - 0x00007ff920a16000 	C:\WINDOWS\System32\win32u.dll
0x00007ff9224a0000 - 0x00007ff9224c9000 	C:\WINDOWS\System32\GDI32.dll
0x00007ff920da0000 - 0x00007ff920eb2000 	C:\WINDOWS\System32\gdi32full.dll
0x00007ff920510000 - 0x00007ff9205ad000 	C:\WINDOWS\System32\msvcp_win.dll
0x00007ff91b430000 - 0x00007ff91b447000 	C:\Users\akash\Downloads\android-studio-2020.3.1.20-windows\android-studio\jre\bin\VCRUNTIME140.dll
0x00007ff913d40000 - 0x00007ff913fe5000 	C:\WINDOWS\WinSxS\amd64_microsoft.windows.common-controls_6595b64144ccf1df_6.0.22000.120_none_9d947278b86cc467\COMCTL32.dll
0x00007ff922c30000 - 0x00007ff922cd3000 	C:\WINDOWS\System32\msvcrt.dll
0x00007ff921640000 - 0x00007ff921671000 	C:\WINDOWS\System32\IMM32.DLL
0x00007ff8e9870000 - 0x00007ff8e990d000 	C:\Users\akash\Downloads\android-studio-2020.3.1.20-windows\android-studio\jre\bin\msvcp140.dll
0x00007ff8a9110000 - 0x00007ff8a9bdf000 	C:\Users\akash\Downloads\android-studio-2020.3.1.20-windows\android-studio\jre\bin\server\jvm.dll
0x00007ff920ec0000 - 0x00007ff920f6e000 	C:\WINDOWS\System32\ADVAPI32.dll
0x00007ff921070000 - 0x00007ff92110e000 	C:\WINDOWS\System32\sechost.dll
0x00007ff9224d0000 - 0x00007ff9225f0000 	C:\WINDOWS\System32\RPCRT4.dll
0x00007ff921060000 - 0x00007ff921068000 	C:\WINDOWS\System32\PSAPI.DLL
0x00007ff91b0c0000 - 0x00007ff91b0f3000 	C:\WINDOWS\SYSTEM32\WINMM.dll
0x00007ff91c6d0000 - 0x00007ff91c6da000 	C:\WINDOWS\SYSTEM32\VERSION.dll
0x00007ff91d5f0000 - 0x00007ff91d5f9000 	C:\WINDOWS\SYSTEM32\WSOCK32.dll
0x00007ff921280000 - 0x00007ff9212ef000 	C:\WINDOWS\System32\WS2_32.dll
0x00007ff91f610000 - 0x00007ff91f628000 	C:\WINDOWS\SYSTEM32\kernel.appcore.dll
0x00007ff91c470000 - 0x00007ff91c481000 	C:\Users\akash\Downloads\android-studio-2020.3.1.20-windows\android-studio\jre\bin\verify.dll
0x00007ff91e170000 - 0x00007ff91e391000 	C:\WINDOWS\SYSTEM32\DBGHELP.DLL
0x00007ff908cf0000 - 0x00007ff908d21000 	C:\WINDOWS\SYSTEM32\dbgcore.DLL
0x00007ff9208b0000 - 0x00007ff92092f000 	C:\WINDOWS\System32\bcryptPrimitives.dll
0x00007ff909860000 - 0x00007ff909889000 	C:\Users\akash\Downloads\android-studio-2020.3.1.20-windows\android-studio\jre\bin\java.dll
0x00007ff91d670000 - 0x00007ff91d67b000 	C:\Users\akash\Downloads\android-studio-2020.3.1.20-windows\android-studio\jre\bin\jimage.dll
0x00007ff909840000 - 0x00007ff909858000 	C:\Users\akash\Downloads\android-studio-2020.3.1.20-windows\android-studio\jre\bin\zip.dll
0x00007ff921ac0000 - 0x00007ff92226f000 	C:\WINDOWS\System32\SHELL32.dll
0x00007ff91e680000 - 0x00007ff91eee8000 	C:\WINDOWS\SYSTEM32\windows.storage.dll
0x00007ff921740000 - 0x00007ff921ab8000 	C:\WINDOWS\System32\combase.dll
0x00007ff91e510000 - 0x00007ff91e676000 	C:\WINDOWS\SYSTEM32\wintypes.dll
0x00007ff920f70000 - 0x00007ff92105a000 	C:\WINDOWS\System32\SHCORE.dll
0x00007ff921110000 - 0x00007ff92116d000 	C:\WINDOWS\System32\shlwapi.dll
0x00007ff920440000 - 0x00007ff920461000 	C:\WINDOWS\SYSTEM32\profapi.dll
0x00007ff9097e0000 - 0x00007ff9097fa000 	C:\Users\akash\Downloads\android-studio-2020.3.1.20-windows\android-studio\jre\bin\net.dll
0x00007ff91b4f0000 - 0x00007ff91b5fc000 	C:\WINDOWS\SYSTEM32\WINHTTP.dll
0x00007ff91fa40000 - 0x00007ff91faa7000 	C:\WINDOWS\system32\mswsock.dll
0x00007ff9097c0000 - 0x00007ff9097d4000 	C:\Users\akash\Downloads\android-studio-2020.3.1.20-windows\android-studio\jre\bin\nio.dll
0x00007ff8f5390000 - 0x00007ff8f53b7000 	C:\Users\akash\.gradle\native\8bec1ad78214c89d9ad589b4d07fe93259594b29d510b10fafb7a158f7737e5d\windows-amd64\native-platform.dll
0x00007ff8a8fd0000 - 0x00007ff8a910d000 	C:\Users\akash\.gradle\native\53dbd7edfb1c66fb8903c78663c9afc45aea4f116125fa6feffd364cf09443e8\windows-amd64\native-platform-file-events.dll
0x00007ff91be50000 - 0x00007ff91be5a000 	C:\Users\akash\Downloads\android-studio-2020.3.1.20-windows\android-studio\jre\bin\management.dll
0x00007ff90fb50000 - 0x00007ff90fb5c000 	C:\Users\akash\Downloads\android-studio-2020.3.1.20-windows\android-studio\jre\bin\management_ext.dll
0x00007ff91fc80000 - 0x00007ff91fc98000 	C:\WINDOWS\SYSTEM32\CRYPTSP.dll
0x00007ff91f570000 - 0x00007ff91f5a5000 	C:\WINDOWS\system32\rsaenh.dll
0x00007ff91fb30000 - 0x00007ff91fb59000 	C:\WINDOWS\SYSTEM32\USERENV.dll
0x00007ff91fe00000 - 0x00007ff91fe27000 	C:\WINDOWS\SYSTEM32\bcrypt.dll
0x00007ff91fca0000 - 0x00007ff91fcac000 	C:\WINDOWS\SYSTEM32\CRYPTBASE.dll
0x00007ff91f140000 - 0x00007ff91f16d000 	C:\WINDOWS\SYSTEM32\IPHLPAPI.DLL
0x00007ff922e80000 - 0x00007ff922e89000 	C:\WINDOWS\System32\NSI.dll
0x00007ff91b720000 - 0x00007ff91b739000 	C:\WINDOWS\SYSTEM32\dhcpcsvc6.DLL
0x00007ff91b890000 - 0x00007ff91b8ae000 	C:\WINDOWS\SYSTEM32\dhcpcsvc.DLL
0x00007ff91f1b0000 - 0x00007ff91f298000 	C:\WINDOWS\SYSTEM32\DNSAPI.dll

dbghelp: loaded successfully - version: 4.0.5 - missing functions: none
symbol engine: initialized successfully - sym options: 0x614 - pdb path: .;C:\Users\akash\Downloads\android-studio-2020.3.1.20-windows\android-studio\jre\bin;C:\WINDOWS\SYSTEM32;C:\WINDOWS\WinSxS\amd64_microsoft.windows.common-controls_6595b64144ccf1df_6.0.22000.120_none_9d947278b86cc467;C:\Users\akash\Downloads\android-studio-2020.3.1.20-windows\android-studio\jre\bin\server;C:\Users\akash\.gradle\native\8bec1ad78214c89d9ad589b4d07fe93259594b29d510b10fafb7a158f7737e5d\windows-amd64;C:\Users\akash\.gradle\native\53dbd7edfb1c66fb8903c78663c9afc45aea4f116125fa6feffd364cf09443e8\windows-amd64

VM Arguments:
jvm_args: --add-opens=java.base/java.util=ALL-UNNAMED --add-opens=java.base/java.lang=ALL-UNNAMED --add-opens=java.base/java.lang.invoke=ALL-UNNAMED --add-opens=java.base/java.util=ALL-UNNAMED --add-opens=java.prefs/java.util.prefs=ALL-UNNAMED --add-opens=java.prefs/java.util.prefs=ALL-UNNAMED --add-opens=java.base/java.nio.charset=ALL-UNNAMED --add-opens=java.base/java.net=ALL-UNNAMED --add-opens=java.base/java.util.concurrent.atomic=ALL-UNNAMED -Xmx2048m -Dfile.encoding=UTF-8 -Duser.country=IN -Duser.language=en -Duser.variant 
java_command: org.gradle.launcher.daemon.bootstrap.GradleDaemon 7.0.2
java_class_path (initial): C:\Users\akash\.gradle\wrapper\dists\gradle-7.0.2-bin\857tjihv64xamwrf0h14cai3r\gradle-7.0.2\lib\gradle-launcher-7.0.2.jar
Launcher Type: SUN_STANDARD

[Global flags]
     intx CICompilerCount                          = 4                                         {product} {ergonomic}
     uint ConcGCThreads                            = 2                                         {product} {ergonomic}
     uint G1ConcRefinementThreads                  = 8                                         {product} {ergonomic}
   size_t G1HeapRegionSize                         = 1048576                                   {product} {ergonomic}
    uintx GCDrainStackTargetSize                   = 64                                        {product} {ergonomic}
   size_t InitialHeapSize                          = 100663296                                 {product} {ergonomic}
   size_t MarkStackSize                            = 4194304                                   {product} {ergonomic}
   size_t MaxHeapSize                              = 2147483648                                {product} {command line}
   size_t MaxNewSize                               = 1287651328                                {product} {ergonomic}
   size_t MinHeapDeltaBytes                        = 1048576                                   {product} {ergonomic}
    uintx NonNMethodCodeHeapSize                   = 5836300                                {pd product} {ergonomic}
    uintx NonProfiledCodeHeapSize                  = 122910970                              {pd product} {ergonomic}
    uintx ProfiledCodeHeapSize                     = 122910970                              {pd product} {ergonomic}
    uintx ReservedCodeCacheSize                    = 251658240                              {pd product} {ergonomic}
     bool SegmentedCodeCache                       = true                                      {product} {ergonomic}
     bool UseCompressedClassPointers               = true                                 {lp64_product} {ergonomic}
     bool UseCompressedOops                        = true                                 {lp64_product} {ergonomic}
     bool UseG1GC                                  = true                                      {product} {ergonomic}
     bool UseLargePagesIndividualAllocation        = false                                  {pd product} {ergonomic}

Logging:
Log output configuration:
 #0: stdout all=warning uptime,level,tags
 #1: stderr all=off uptime,level,tags

Environment Variables:
PATH=C:\Program Files\Common Files\Oracle\Java\javapath;C:\Windows\system32;C:\Windows;C:\Windows\System32\Wbem;C:\Windows\System32\WindowsPowerShell\v1.0\;C:\Windows\System32\OpenSSH\;C:\Program Files (x86)\NVIDIA Corporation\PhysX\Common;C:\Program Files\NVIDIA Corporation\NVIDIA NvDLISR;C:\Program Files\Git\cmd;C:\WINDOWS\system32;C:\WINDOWS;C:\WINDOWS\System32\Wbem;C:\WINDOWS\System32\WindowsPowerShell\v1.0\;C:\WINDOWS\System32\OpenSSH\;C:\Program Files\Java\jdk-15.0.1\bin;C:\Program Files\JetBrains\IntelliJ IDEA Community Edition 2020.3.1\bin;;C:\Users\akash\AppData\Local\Microsoft\WindowsApps;
USERNAME=akash
OS=Windows_NT
PROCESSOR_IDENTIFIER=AMD64 Family 23 Model 24 Stepping 1, AuthenticAMD



---------------  S Y S T E M  ---------------

OS: Windows 10 , 64 bit Build 22000 (10.0.22000.613)
OS uptime: 0 days 16:42 hours

CPU:total 8 (initial active 8) (8 cores per cpu, 2 threads per core) family 23 model 24 stepping 1 microcode 0x0, cmov, cx8, fxsr, mmx, sse, sse2, sse3, ssse3, sse4.1, sse4.2, popcnt, avx, avx2, aes, clmul, mmxext, 3dnowpref, lzcnt, sse4a, ht, tsc, tscinvbit, tscinv, bmi1, bmi2, adx, s

Memory: 4k page, system-wide physical 6081M (84M free)
TotalPageFile size 24513M (AvailPageFile size 33M)
current process WorkingSet (physical memory assigned to process): 55M, peak: 292M
current process commit charge ("private bytes"): 479M, peak: 513M

vm_info: OpenJDK 64-Bit Server VM (11.0.10+0-b96-7249189) for windows-amd64 JRE (11.0.10+0-b96-7249189), built on Mar 31 2021 21:44:00 by "builder" with MS VC++ 14.0 (VS2015)

END.
